AARCH64 GAS  Safal_Assem_hello.asm 			page 1


   1              	.data
   2 0000 48656C6C 	hello_world: .asciz "Hello World \n"
   2      6F20576F 
   2      726C6420 
   2      0A00
   3              	
   4              	.text 
   5              	
   6              	
   7              	.global main
   8              	main:
   9 0000 FD7BBFA9 	    stp x29,x30, [sp, #-16]!
  10 0004 A0000058 	    ldr x0, =hello_world
  11 0008 00000014 	    b puts
  12              	
  13 000c FD7BC1A8 	    ldp x29,x30,[sp],#16
  14 0010 00008052 	    mov w0,#0
  15 0014 C0035FD6 	    ret
  15      00000000 
  15      00000000 
AARCH64 GAS  Safal_Assem_hello.asm 			page 2


DEFINED SYMBOLS
Safal_Assem_hello.asm:2      .data:0000000000000000 hello_world
Safal_Assem_hello.asm:8      .text:0000000000000000 main
Safal_Assem_hello.asm:9      .text:0000000000000000 $x
Safal_Assem_hello.asm:15     .text:0000000000000018 $d

UNDEFINED SYMBOLS
puts
